<?xml version="1.0" encoding="UTF-8"?>
<testsuite xmlns:xsi="http://www.w3.org/2001/XMLSchema-instance" xsi:noNamespaceSchemaLocation="https://maven.apache.org/surefire/maven-surefire-plugin/xsd/surefire-test-report.xsd" name="usertests.UserTest" time="0.025" tests="4" errors="0" skipped="0" failures="0">
  <properties>
[...]
</properties>
  <testcase name="soutFrist" classname="usertests.UserTest" time="0"/>
  <testcase name="soutThird" classname="usertests.UserTest" time="0.005"/>
  <testcase name="getPage" classname="usertests.UserTest" time="0.004"/>
  <testcase name="soutSecoond" classname="usertests.UserTest" time="0.003"/>
</testsuite>